20180123_20:26:33.910 - ERROR - error in create method :java.net.ConnectException : erreur lors de la connexion au serveur localhost sur le port 1 527 avec le message Connection refused: connect.
20180123_20:26:34.921 - ERROR - error while searching
java.sql.SQLNonTransientConnectionException: java.net.ConnectException : erreur lors de la connexion au serveur localhost sur le port 1 527 avec le message Connection refused: connect.
	at org.apache.derby.client.am.SQLExceptionFactory.getSQLException(Unknown Source)
	at org.apache.derby.client.am.SqlException.getSQLException(Unknown Source)
	at org.apache.derby.jdbc.ClientDriver.connect(Unknown Source)
	at java.sql.DriverManager.getConnection(DriverManager.java:664)
	at java.sql.DriverManager.getConnection(DriverManager.java:247)
	at fr.epita.iam.service.IdentityJDBCDAO.getConnection(IdentityJDBCDAO.java:117)
	at fr.epita.iam.service.IdentityJDBCDAO.search(IdentityJDBCDAO.java:80)
	at fr.epita.iam.services.test.TestDataBaseOperations.testCreateSearchFromDAO(TestDataBaseOperations.java:138)
	at fr.epita.iam.services.test.TestDataBaseOperations.main(TestDataBaseOperations.java:41)
Caused by: ERROR 08001: java.net.ConnectException : erreur lors de la connexion au serveur localhost sur le port 1 527 avec le message Connection refused: connect.
	at org.apache.derby.client.net.NetAgent.<init>(Unknown Source)
	at org.apache.derby.client.net.NetConnection.newAgent_(Unknown Source)
	at org.apache.derby.client.am.ClientConnection.<init>(Unknown Source)
	at org.apache.derby.client.net.NetConnection.<init>(Unknown Source)
	at org.apache.derby.client.net.ClientJDBCObjectFactoryImpl.newNetConnection(Unknown Source)
	... 7 more
Caused by: java.net.ConnectException: Connection refused: connect
	at java.net.DualStackPlainSocketImpl.connect0(Native Method)
	at java.net.DualStackPlainSocketImpl.socketConnect(DualStackPlainSocketImpl.java:79)
	at java.net.AbstractPlainSocketImpl.doConnect(AbstractPlainSocketImpl.java:350)
	at java.net.AbstractPlainSocketImpl.connectToAddress(AbstractPlainSocketImpl.java:206)
	at java.net.AbstractPlainSocketImpl.connect(AbstractPlainSocketImpl.java:188)
	at java.net.PlainSocketImpl.connect(PlainSocketImpl.java:172)
	at java.net.SocksSocketImpl.connect(SocksSocketImpl.java:392)
	at java.net.Socket.connect(Socket.java:589)
	at java.net.Socket.connect(Socket.java:538)
	at java.net.Socket.<init>(Socket.java:434)
	at java.net.Socket.<init>(Socket.java:211)
	at javax.net.DefaultSocketFactory.createSocket(SocketFactory.java:271)
	at org.apache.derby.client.net.OpenSocketAction.run(Unknown Source)
	at org.apache.derby.client.net.OpenSocketAction.run(Unknown Source)
	at java.security.AccessController.doPrivileged(Native Method)
	... 12 more
